2017-12-01 16:24:28,550 -  main::72 [MainThread]: Started CCITrader v0.0.1
2017-12-01 16:24:28,552 -  main::77 [MainThread]: Connecting to TWS API  on HOST localhost and PORT 44444
2017-12-01 16:24:28,553 -  main::78 [MainThread]: Using Interactive Brokers API Version: 9.73.2
2017-12-01 16:24:28,787 -  connect::176 [MainThread]: sent startApi
2017-12-01 16:24:28,788 -  logRequest::86 [MainThread]: REQUEST startApi {}
2017-12-01 16:24:28,789 -  sendMsg::75 [MainThread]: SENDING startApi b'\x00\x00\x00\x0871\x002\x000\x00\x00'
2017-12-01 16:24:30,789 -  logAnswer::41 [MainThread]: ANSWER connectAck {}
2017-12-01 16:24:30,790 -  main::81 [MainThread]: Connection Successful.  Server Version: 124
2017-12-01 16:24:30,803 -  managedAccounts::39 [MainThread]: Received Account ID: DU877254
2017-12-01 16:24:30,811 -  nextValidId::28 [MainThread]: Next Order ID: 4
2017-12-01 16:24:30,814 -  logAnswer::41 [MainThread]: ANSWER error {'errorString': 'Market data farm connection is broken:usfuture', 'errorCode': 2103, 'reqId': -1}
2017-12-01 16:24:30,814 -  error::49 [MainThread]: ERROR -1 2103 Market data farm connection is broken:usfuture
2017-12-01 16:24:30,815 -  logAnswer::41 [MainThread]: ANSWER error {'errorString': 'Market data farm connection is OK:cashfarm', 'errorCode': 2104, 'reqId': -1}
2017-12-01 16:24:30,817 -  error::49 [MainThread]: ERROR -1 2104 Market data farm connection is OK:cashfarm
2017-12-01 16:24:30,818 -  logAnswer::41 [MainThread]: ANSWER error {'errorString': 'Market data farm connection is broken:usfarm.us', 'errorCode': 2103, 'reqId': -1}
2017-12-01 16:24:30,819 -  error::49 [MainThread]: ERROR -1 2103 Market data farm connection is broken:usfarm.us
2017-12-01 16:24:30,820 -  logAnswer::41 [MainThread]: ANSWER error {'errorString': 'Market data farm connection is OK:usfarm', 'errorCode': 2104, 'reqId': -1}
2017-12-01 16:24:30,820 -  error::49 [MainThread]: ERROR -1 2104 Market data farm connection is OK:usfarm
2017-12-01 16:24:30,820 -  logAnswer::41 [MainThread]: ANSWER error {'errorString': 'HMDS data farm connection is OK:ushmds', 'errorCode': 2106, 'reqId': -1}
2017-12-01 16:24:30,821 -  error::49 [MainThread]: ERROR -1 2106 HMDS data farm connection is OK:ushmds
2017-12-01 16:24:30,813 -  run::27 [Logic]: Starting Application Logic Handler
2017-12-01 16:24:30,827 -  run::31 [Logic]: Getting Details for Futures Symbol: ES
2017-12-01 16:24:30,832 -  logRequest::86 [Logic]: REQUEST reqContractDetails {'contract': 47175664: 0,ES,FUT,,0.0,,,GLOBEX,,,,,False,,combo:, 'reqId': 100}
2017-12-01 16:24:30,833 -  sendMsg::75 [Logic]: SENDING reqContractDetails b"\x00\x00\x00'9\x008\x00100\x000\x00ES\x00FUT\x00\x000.0\x00\x00\x00GLOBEX\x00\x00\x00\x00\x000\x00\x00\x00"
2017-12-01 16:24:30,839 -  logAnswer::41 [MainThread]: ANSWER error {'errorString': 'Market data farm connection is OK:usfarm.us', 'errorCode': 2104, 'reqId': -1}
2017-12-01 16:24:30,841 -  error::49 [MainThread]: ERROR -1 2104 Market data farm connection is OK:usfarm.us
2017-12-01 16:24:31,200 -  logAnswer::41 [MainThread]: ANSWER error {'errorString': 'Market data farm connection is OK:usfuture', 'errorCode': 2104, 'reqId': -1}
2017-12-01 16:24:31,201 -  error::49 [MainThread]: ERROR -1 2104 Market data farm connection is OK:usfuture
2017-12-01 16:24:32,541 -  logAnswer::41 [MainThread]: ANSWER contractDetails {'contractDetails': 47176880: 247950613,ES,FUT,20171215,0.0,,50,GLOBEX,,USD,ESZ7,ES,False,,combo:,ES,0.25,ACTIVETIM,ADJUST,ALERT,ALGO,ALLOC,AVGCOST,BASKET,COND,CONDORDER,DAY,DEACT,DEACTDIS,DEACTEOD,GAT,GTC,GTD,GTT,HID,ICE,IOC,LIT,LMT,LTH,MIT,MKT,MTL,NGCOMB,NONALGO,OCA,PEGBENCH,SCALE,SCALERST,SNAPMID,SNAPMKT,SNAPREL,STP,STPLMT,TRAIL,TRAILLIT,TRAILLMT,TRAILMIT,WHATIF,GLOBEX,1,11004968,E-mini S&P 500,201712,,,,CST,20171201:1700-1515,1530-1600;20171202:CLOSED;20171203:CLOSED;20171204:1700-1515,1530-1600;20171205:1700-1515,1530-1600;20171206:1700-1515,1530-1600;20171207:1700-1515,1530-1600;20171208:1700-1515,1530-1600;20171209:CLOSED;20171210:CLOSED;20171211:1700-1515,1530-1600;20171212:1700-1515,1530-1600;20171213:1700-1515,1530-1600;20171214:1700-1515,1530-1600;20171215:1700-0830;20171216:CLOSED;20171217:CLOSED,20171201:0830-1515,1530-1600;20171202:CLOSED;20171203:CLOSED;20171204:0830-1515,1530-1600;20171205:0830-1515,1530-1600;20171206:0830-1515,1530-1600;20171207:0830-1515,1530-1600;20171208:0830-1515,1530-1600;20171209:CLOSED;20171210:CLOSED;20171211:0830-1515,1530-1600;20171212:0830-1515,1530-1600;20171213:0830-1515,1530-1600;20171214:0830-1515,1530-1600;20171215:CLOSED;20171216:CLOSED;20171217:CLOSED,,0,1,ES,IND,2147483647,None,,,,,,False,False,0,False,,,,,False,, 'reqId': 100}
2017-12-01 16:24:32,542 -  contractDetails::46 [MainThread]: Received Contract Details for: ESZ7. Expires: 20171215
2017-12-01 16:24:32,588 -  logAnswer::41 [MainThread]: ANSWER contractDetails {'contractDetails': 47176496: 258973438,ES,FUT,20180316,0.0,,50,GLOBEX,,USD,ESH8,ES,False,,combo:,ES,0.25,ACTIVETIM,ADJUST,ALERT,ALGO,ALLOC,AVGCOST,BASKET,COND,CONDORDER,DAY,DEACT,DEACTDIS,DEACTEOD,GAT,GTC,GTD,GTT,HID,ICE,IOC,LIT,LMT,LTH,MIT,MKT,MTL,NGCOMB,NONALGO,OCA,PEGBENCH,SCALE,SCALERST,SNAPMID,SNAPMKT,SNAPREL,STP,STPLMT,TRAIL,TRAILLIT,TRAILLMT,TRAILMIT,WHATIF,GLOBEX,1,11004968,E-mini S&P 500,201803,,,,CST,20171201:1700-1515,1530-1600;20171202:CLOSED;20171203:CLOSED;20171204:1700-1515,1530-1600;20171205:1700-1515,1530-1600;20171206:1700-1515,1530-1600;20171207:1700-1515,1530-1600;20171208:1700-1515,1530-1600;20171209:CLOSED;20171210:CLOSED;20171211:1700-1515,1530-1600;20171212:1700-1515,1530-1600;20171213:1700-1515,1530-1600;20171214:1700-1515,1530-1600;20171215:1700-1515,1530-1600;20171216:CLOSED;20171217:CLOSED;20171218:1700-1515,1530-1600;20171219:1700-1515,1530-1600;20171220:1700-1515,1530-1600;20171221:1700-1515,1530-1600;20171222:1700-1515,1530-1600;20171223:CLOSED;20171224:CLOSED;20171225:1700-1515,1530-1600;20171226:1700-1515,1530-1600;20171227:1700-1515,1530-1600;20171228:1700-1515,1530-1600;20171229:1700-1515,1530-1600;20171230:CLOSED;20171231:CLOSED;20180101:1700-1515,1530-1600;20180102:1700-1515,1530-1600;20180103:1700-1515,1530-1600;20180104:1700-1515,1530-1600,20171201:0830-1515,1530-1600;20171202:CLOSED;20171203:CLOSED;20171204:0830-1515,1530-1600;20171205:0830-1515,1530-1600;20171206:0830-1515,1530-1600;20171207:0830-1515,1530-1600;20171208:0830-1515,1530-1600;20171209:CLOSED;20171210:CLOSED;20171211:0830-1515,1530-1600;20171212:0830-1515,1530-1600;20171213:0830-1515,1530-1600;20171214:0830-1515,1530-1600;20171215:0830-1515,1530-1600;20171216:CLOSED;20171217:CLOSED;20171218:0830-1515,1530-1600;20171219:0830-1515,1530-1600;20171220:0830-1515,1530-1600;20171221:0830-1515,1530-1600;20171222:0830-1515,1530-1600;20171223:CLOSED;20171224:CLOSED;20171225:0830-1515,1530-1600;20171226:0830-1515,1530-1600;20171227:0830-1515,1530-1600;20171228:0830-1515,1530-1600;20171229:0830-1515,1530-1600;20171230:CLOSED;20171231:CLOSED;20180101:0830-1515,1530-1600;20180102:0830-1515,1530-1600;20180103:0830-1515,1530-1600;20180104:0830-1515,1530-1600,,0,1,ES,IND,2147483647,None,,,,,,False,False,0,False,,,,,False,, 'reqId': 100}
2017-12-01 16:24:32,590 -  contractDetails::46 [MainThread]: Received Contract Details for: ESH8. Expires: 20180316
2017-12-01 16:24:32,989 -  logAnswer::41 [MainThread]: ANSWER contractDetails {'contractDetails': 47177456: 269745169,ES,FUT,20180615,0.0,,50,GLOBEX,,USD,ESM8,ES,False,,combo:,ES,0.25,ACTIVETIM,ADJUST,ALERT,ALGO,ALLOC,AVGCOST,BASKET,COND,CONDORDER,DAY,DEACT,DEACTDIS,DEACTEOD,GAT,GTC,GTD,GTT,HID,ICE,IOC,LIT,LMT,LTH,MIT,MKT,MTL,NGCOMB,NONALGO,OCA,PEGBENCH,SCALE,SCALERST,SNAPMID,SNAPMKT,SNAPREL,STP,STPLMT,TRAIL,TRAILLIT,TRAILLMT,TRAILMIT,WHATIF,GLOBEX,1,11004968,E-mini S&P 500,201806,,,,CST,20171201:1700-1515,1530-1600;20171202:CLOSED;20171203:CLOSED;20171204:1700-1515,1530-1600;20171205:1700-1515,1530-1600;20171206:1700-1515,1530-1600;20171207:1700-1515,1530-1600;20171208:1700-1515,1530-1600;20171209:CLOSED;20171210:CLOSED;20171211:1700-1515,1530-1600;20171212:1700-1515,1530-1600;20171213:1700-1515,1530-1600;20171214:1700-1515,1530-1600;20171215:1700-1515,1530-1600;20171216:CLOSED;20171217:CLOSED;20171218:1700-1515,1530-1600;20171219:1700-1515,1530-1600;20171220:1700-1515,1530-1600;20171221:1700-1515,1530-1600;20171222:1700-1515,1530-1600;20171223:CLOSED;20171224:CLOSED;20171225:1700-1515,1530-1600;20171226:1700-1515,1530-1600;20171227:1700-1515,1530-1600;20171228:1700-1515,1530-1600;20171229:1700-1515,1530-1600;20171230:CLOSED;20171231:CLOSED;20180101:1700-1515,1530-1600;20180102:1700-1515,1530-1600;20180103:1700-1515,1530-1600;20180104:1700-1515,1530-1600,20171201:0830-1515,1530-1600;20171202:CLOSED;20171203:CLOSED;20171204:0830-1515,1530-1600;20171205:0830-1515,1530-1600;20171206:0830-1515,1530-1600;20171207:0830-1515,1530-1600;20171208:0830-1515,1530-1600;20171209:CLOSED;20171210:CLOSED;20171211:0830-1515,1530-1600;20171212:0830-1515,1530-1600;20171213:0830-1515,1530-1600;20171214:0830-1515,1530-1600;20171215:0830-1515,1530-1600;20171216:CLOSED;20171217:CLOSED;20171218:0830-1515,1530-1600;20171219:0830-1515,1530-1600;20171220:0830-1515,1530-1600;20171221:0830-1515,1530-1600;20171222:0830-1515,1530-1600;20171223:CLOSED;20171224:CLOSED;20171225:0830-1515,1530-1600;20171226:0830-1515,1530-1600;20171227:0830-1515,1530-1600;20171228:0830-1515,1530-1600;20171229:0830-1515,1530-1600;20171230:CLOSED;20171231:CLOSED;20180101:0830-1515,1530-1600;20180102:0830-1515,1530-1600;20180103:0830-1515,1530-1600;20180104:0830-1515,1530-1600,,0,1,ES,IND,2147483647,None,,,,,,False,False,0,False,,,,,False,, 'reqId': 100}
2017-12-01 16:24:32,996 -  contractDetails::46 [MainThread]: Received Contract Details for: ESM8. Expires: 20180615
2017-12-01 16:24:33,155 -  logAnswer::41 [MainThread]: ANSWER contractDetails {'contractDetails': 47198416: 279396694,ES,FUT,20180921,0.0,,50,GLOBEX,,USD,ESU8,ES,False,,combo:,ES,0.25,ACTIVETIM,ADJUST,ALERT,ALGO,ALLOC,AVGCOST,BASKET,COND,CONDORDER,DAY,DEACT,DEACTDIS,DEACTEOD,GAT,GTC,GTD,GTT,HID,ICE,IOC,LIT,LMT,LTH,MIT,MKT,MTL,NGCOMB,NONALGO,OCA,PEGBENCH,SCALE,SCALERST,SNAPMID,SNAPMKT,SNAPREL,STP,STPLMT,TRAIL,TRAILLIT,TRAILLMT,TRAILMIT,WHATIF,GLOBEX,1,11004968,E-mini S&P 500,201809,,,,CST,20171201:1700-1515,1530-1600;20171202:CLOSED;20171203:CLOSED;20171204:1700-1515,1530-1600;20171205:1700-1515,1530-1600;20171206:1700-1515,1530-1600;20171207:1700-1515,1530-1600;20171208:1700-1515,1530-1600;20171209:CLOSED;20171210:CLOSED;20171211:1700-1515,1530-1600;20171212:1700-1515,1530-1600;20171213:1700-1515,1530-1600;20171214:1700-1515,1530-1600;20171215:1700-1515,1530-1600;20171216:CLOSED;20171217:CLOSED;20171218:1700-1515,1530-1600;20171219:1700-1515,1530-1600;20171220:1700-1515,1530-1600;20171221:1700-1515,1530-1600;20171222:1700-1515,1530-1600;20171223:CLOSED;20171224:CLOSED;20171225:1700-1515,1530-1600;20171226:1700-1515,1530-1600;20171227:1700-1515,1530-1600;20171228:1700-1515,1530-1600;20171229:1700-1515,1530-1600;20171230:CLOSED;20171231:CLOSED;20180101:1700-1515,1530-1600;20180102:1700-1515,1530-1600;20180103:1700-1515,1530-1600;20180104:1700-1515,1530-1600,20171201:0830-1515,1530-1600;20171202:CLOSED;20171203:CLOSED;20171204:0830-1515,1530-1600;20171205:0830-1515,1530-1600;20171206:0830-1515,1530-1600;20171207:0830-1515,1530-1600;20171208:0830-1515,1530-1600;20171209:CLOSED;20171210:CLOSED;20171211:0830-1515,1530-1600;20171212:0830-1515,1530-1600;20171213:0830-1515,1530-1600;20171214:0830-1515,1530-1600;20171215:0830-1515,1530-1600;20171216:CLOSED;20171217:CLOSED;20171218:0830-1515,1530-1600;20171219:0830-1515,1530-1600;20171220:0830-1515,1530-1600;20171221:0830-1515,1530-1600;20171222:0830-1515,1530-1600;20171223:CLOSED;20171224:CLOSED;20171225:0830-1515,1530-1600;20171226:0830-1515,1530-1600;20171227:0830-1515,1530-1600;20171228:0830-1515,1530-1600;20171229:0830-1515,1530-1600;20171230:CLOSED;20171231:CLOSED;20180101:0830-1515,1530-1600;20180102:0830-1515,1530-1600;20180103:0830-1515,1530-1600;20180104:0830-1515,1530-1600,,0,1,ES,IND,2147483647,None,,,,,,False,False,0,False,,,,,False,, 'reqId': 100}
2017-12-01 16:24:33,157 -  contractDetails::46 [MainThread]: Received Contract Details for: ESU8. Expires: 20180921
2017-12-01 16:24:33,161 -  logAnswer::41 [MainThread]: ANSWER contractDetails {'contractDetails': 47198928: 289128563,ES,FUT,20181221,0.0,,50,GLOBEX,,USD,ESZ8,ES,False,,combo:,ES,0.25,ACTIVETIM,ADJUST,ALERT,ALGO,ALLOC,AVGCOST,BASKET,COND,CONDORDER,DAY,DEACT,DEACTDIS,DEACTEOD,GAT,GTC,GTD,GTT,HID,ICE,IOC,LIT,LMT,LTH,MIT,MKT,MTL,NGCOMB,NONALGO,OCA,PEGBENCH,SCALE,SCALERST,SNAPMID,SNAPMKT,SNAPREL,STP,STPLMT,TRAIL,TRAILLIT,TRAILLMT,TRAILMIT,WHATIF,GLOBEX,1,11004968,E-mini S&P 500,201812,,,,CST,20171201:1700-1515,1530-1600;20171202:CLOSED;20171203:CLOSED;20171204:1700-1515,1530-1600;20171205:1700-1515,1530-1600;20171206:1700-1515,1530-1600;20171207:1700-1515,1530-1600;20171208:1700-1515,1530-1600;20171209:CLOSED;20171210:CLOSED;20171211:1700-1515,1530-1600;20171212:1700-1515,1530-1600;20171213:1700-1515,1530-1600;20171214:1700-1515,1530-1600;20171215:1700-1515,1530-1600;20171216:CLOSED;20171217:CLOSED;20171218:1700-1515,1530-1600;20171219:1700-1515,1530-1600;20171220:1700-1515,1530-1600;20171221:1700-1515,1530-1600;20171222:1700-1515,1530-1600;20171223:CLOSED;20171224:CLOSED;20171225:1700-1515,1530-1600;20171226:1700-1515,1530-1600;20171227:1700-1515,1530-1600;20171228:1700-1515,1530-1600;20171229:1700-1515,1530-1600;20171230:CLOSED;20171231:CLOSED;20180101:1700-1515,1530-1600;20180102:1700-1515,1530-1600;20180103:1700-1515,1530-1600;20180104:1700-1515,1530-1600,20171201:0830-1515,1530-1600;20171202:CLOSED;20171203:CLOSED;20171204:0830-1515,1530-1600;20171205:0830-1515,1530-1600;20171206:0830-1515,1530-1600;20171207:0830-1515,1530-1600;20171208:0830-1515,1530-1600;20171209:CLOSED;20171210:CLOSED;20171211:0830-1515,1530-1600;20171212:0830-1515,1530-1600;20171213:0830-1515,1530-1600;20171214:0830-1515,1530-1600;20171215:0830-1515,1530-1600;20171216:CLOSED;20171217:CLOSED;20171218:0830-1515,1530-1600;20171219:0830-1515,1530-1600;20171220:0830-1515,1530-1600;20171221:0830-1515,1530-1600;20171222:0830-1515,1530-1600;20171223:CLOSED;20171224:CLOSED;20171225:0830-1515,1530-1600;20171226:0830-1515,1530-1600;20171227:0830-1515,1530-1600;20171228:0830-1515,1530-1600;20171229:0830-1515,1530-1600;20171230:CLOSED;20171231:CLOSED;20180101:0830-1515,1530-1600;20180102:0830-1515,1530-1600;20180103:0830-1515,1530-1600;20180104:0830-1515,1530-1600,,0,1,ES,IND,2147483647,None,,,,,,False,False,0,False,,,,,False,, 'reqId': 100}
2017-12-01 16:24:33,161 -  contractDetails::46 [MainThread]: Received Contract Details for: ESZ8. Expires: 20181221
2017-12-01 16:24:33,178 -  logAnswer::41 [MainThread]: ANSWER contractDetailsEnd {'reqId': 100}
2017-12-01 16:24:33,184 -  contractDetailsEnd::51 [MainThread]: Got All Contract Details.
2017-12-01 16:24:33,196 -  run::35 [Logic]: Selecting Current Symbol for ES
2017-12-01 16:24:33,199 -  run::37 [Logic]: Selected Trading Symbol: ESZ7. Expires: 20171215
2017-12-01 16:24:33,201 -  run::40 [Logic]: Requesting Market Data For: ESZ7
2017-12-01 16:24:33,207 -  logRequest::86 [Logic]: REQUEST reqMarketDataType {'marketDataType': 3}
2017-12-01 16:24:33,209 -  sendMsg::75 [Logic]: SENDING reqMarketDataType b'\x00\x00\x00\x0759\x001\x003\x00'
2017-12-01 16:24:48,158 -  logRequest::86 [Logic]: REQUEST reqMktData {'mktDataOptions': None, 'regulatorySnapshot': False, 'snapshot': False, 'genericTickList': '', 'contract': 47176848: 247950613,ES,FUT,20171215,0.0,,50,GLOBEX,,USD,ESZ7,ES,False,,combo:, 'reqId': 1}
2017-12-01 16:24:48,162 -  sendMsg::75 [Logic]: SENDING reqMktData b'\x00\x00\x00E1\x0011\x001\x00247950613\x00ES\x00FUT\x0020171215\x000.0\x00\x0050\x00GLOBEX\x00\x00USD\x00ESZ7\x00ES\x000\x00\x000\x000\x00\x00'
2017-12-01 16:24:57,356 -  logAnswer::41 [MainThread]: ANSWER tickReqParams {'snapshotPermissions': 0, 'bboExchange': '', 'minTick': 0.0, 'tickerId': 1}
2017-12-01 16:24:57,366 -  logAnswer::41 [MainThread]: ANSWER marketDataType {'marketDataType': 3, 'reqId': 1}
2017-12-01 16:24:57,455 -  logAnswer::41 [MainThread]: ANSWER error {'errorString': 'Requested market data is not subscribed. Displaying delayed market data...', 'errorCode': 10167, 'reqId': 1}
2017-12-01 16:24:57,457 -  error::49 [MainThread]: ERROR 1 10167 Requested market data is not subscribed. Displaying delayed market data...
2017-12-01 16:24:57,561 -  logAnswer::41 [MainThread]: ANSWER tickPrice {'attrib': 47200112: 0,0, 'price': 2644.25, 'tickType': 66, 'reqId': 1}
2017-12-01 16:24:57,562 -  logAnswer::41 [MainThread]: ANSWER tickSize {'size': 136, 'tickType': 69, 'reqId': 1}
2017-12-01 16:24:57,563 -  logAnswer::41 [MainThread]: ANSWER tickPrice {'attrib': 47200112: 0,0, 'price': 2644.5, 'tickType': 67, 'reqId': 1}
2017-12-01 16:24:57,564 -  logAnswer::41 [MainThread]: ANSWER tickSize {'size': 321, 'tickType': 70, 'reqId': 1}
2017-12-01 16:24:57,565 -  logAnswer::41 [MainThread]: ANSWER tickPrice {'attrib': 47200112: 0,0, 'price': 2644.5, 'tickType': 68, 'reqId': 1}
2017-12-01 16:24:57,566 -  logAnswer::41 [MainThread]: ANSWER tickSize {'size': 7, 'tickType': 71, 'reqId': 1}
2017-12-01 16:24:57,567 -  logAnswer::41 [MainThread]: ANSWER tickPrice {'attrib': 47200112: 0,0, 'price': 2650.75, 'tickType': 72, 'reqId': 1}
2017-12-01 16:24:57,567 -  logAnswer::41 [MainThread]: ANSWER tickPrice {'attrib': 47200112: 0,0, 'price': 2605.0, 'tickType': 73, 'reqId': 1}
2017-12-01 16:24:57,568 -  logAnswer::41 [MainThread]: ANSWER tickSize {'size': 2464702, 'tickType': 74, 'reqId': 1}
2017-12-01 16:24:57,569 -  logAnswer::41 [MainThread]: ANSWER tickPrice {'attrib': 47200048: 0,0, 'price': 2648.0, 'tickType': 75, 'reqId': 1}
2017-12-01 16:24:57,632 -  logAnswer::41 [MainThread]: ANSWER tickPrice {'attrib': 47200048: 0,0, 'price': 2640.75, 'tickType': 76, 'reqId': 1}
2017-12-01 16:24:58,096 -  logAnswer::41 [MainThread]: ANSWER tickSize {'size': 2471924, 'tickType': 74, 'reqId': 1}
2017-12-01 16:25:02,895 -  logAnswer::41 [MainThread]: ANSWER tickSize {'size': 195, 'tickType': 69, 'reqId': 1}
2017-12-01 16:25:05,868 -  logAnswer::41 [MainThread]: ANSWER tickPrice {'attrib': 47200528: 0,0, 'price': 2644.25, 'tickType': 67, 'reqId': 1}
2017-12-01 16:25:05,869 -  logAnswer::41 [MainThread]: ANSWER tickSize {'size': 37, 'tickType': 70, 'reqId': 1}
2017-12-01 16:25:05,870 -  logAnswer::41 [MainThread]: ANSWER tickSize {'size': 191, 'tickType': 69, 'reqId': 1}
2017-12-01 16:25:09,519 -  interruptHandler::32 [MainThread]: Stopping Streaming Market Subscriptions...
2017-12-01 16:25:09,520 -  interruptHandler::34 [MainThread]: Stopping Subscription: ESZ7
2017-12-01 16:25:09,522 -  logRequest::86 [MainThread]: REQUEST cancelMktData {'reqId': 1}
2017-12-01 16:25:09,523 -  sendMsg::75 [MainThread]: SENDING cancelMktData b'\x00\x00\x00\x062\x002\x001\x00'
2017-12-01 16:25:09,870 -  interruptHandler::36 [MainThread]: Disconnecting From API...
2017-12-01 16:25:09,874 -  disconnect::194 [MainThread]: disconnecting
2017-12-01 16:25:12,873 -  logAnswer::41 [MainThread]: ANSWER connectionClosed {}
2017-12-01 16:25:12,874 -  run::237 [MainThread]: detected KeyboardInterrupt, SystemExit
